user2|2026-02-12T19:48:40Z|SUCCESS|Data migration completed|0000000000000000000000000000000000000000000000000000000000000000|61ae61f5d40bff50bfad56a90665531ffac9780a585e13a084e1779ea6c2da5d
user10|2026-02-12T19:48:42Z|INFO|Service started|61ae61f5d40bff50bfad56a90665531ffac9780a585e13a084e1779ea6c2da5d|98195d1bf43927e96cc3ad0f75e2b0c73e3f6de83026329e3845fa54cd629529
user4|2026-02-12T19:48:44Z|WARNING|High memory usage|98195d1bf43927e96cc3ad0f75e2b0c73e3f6de83026329e3845fa54cd629529|4f705c5e389ad5d128b9791312340310c0b15fc2425124ffb8d8eac75789cad6
user5|2026-02-12T19:48:44Z|WARNING|Disk space low|4f705c5e389ad5d128b9791312340310c0b15fc2425124ffb8d8eac75789cad6|c10ef8a57e437168abd51092b3db811574df9c13aabffdcb8bd469d54f356278
user6|2026-02-12T19:48:46Z|WARNING|Disk space low|c10ef8a57e437168abd51092b3db811574df9c13aabffdcb8bd469d54f356278|e0762fb9c6a51fae03e6d27c035cf76f6c034a75583f4fd000266a0875473998
user9|2026-02-12T19:48:47Z|SUCCESS|Backup completed successfully|e0762fb9c6a51fae03e6d27c035cf76f6c034a75583f4fd000266a0875473998|6621208700899d06051e670561e676ffb6d72e9658f35e490cd6e66579488a12
user6|2026-02-12T19:48:48Z|SUCCESS|User account created|6621208700899d06051e670561e676ffb6d72e9658f35e490cd6e66579488a12|4949fc85fe659d70f4d4cabfb86851c014175a974953365ea85d082996295ce8
user6|2026-02-12T19:48:48Z|ERROR|Authentication failed|4949fc85fe659d70f4d4cabfb86851c014175a974953365ea85d082996295ce8|1dc3eb619b6848f422f3b2fbd1515e55f9e5eed0fe8ae2bc51f5a0c1bce5503f
user1|2026-02-12T19:48:49Z|INFO|Service stopped|1dc3eb619b6848f422f3b2fbd1515e55f9e5eed0fe8ae2bc51f5a0c1bce5503f|17f17c3296d18c7651cd9016ed4c88a188163a062d9d06007b569d379387a803
user7|2026-02-12T19:48:51Z|INFO|Service stopped|17f17c3296d18c7651cd9016ed4c88a188163a062d9d06007b569d379387a803|b5c79f92e3d11fbc7872b495943bdfdce8437310cbbb430a26ff8e95be23717c
user10|2026-02-12T19:52:50Z|WARNING|Disk space low|b5c79f92e3d11fbc7872b495943bdfdce8437310cbbb430a26ff8e95be23717c|a6aef737729ec703b4fddaf5fde7187be66f7dbb11a277e9b2e376d4e0be4703
user3|2026-02-12T19:52:52Z|SUCCESS|User account deleted|a6aef737729ec703b4fddaf5fde7187be66f7dbb11a277e9b2e376d4e0be4703|61df44eeb4f283a71df2c26ecb971c721944926796eb8d9a87baa791e523af94
user2|2026-02-12T19:52:53Z|ERROR|Authentication failed|61df44eeb4f283a71df2c26ecb971c721944926796eb8d9a87baa791e523af94|ce7aa1932311e8f2355c82e52adeba7797e887d191ac3327b79ba1226bf76759
user4|2026-02-12T19:52:54Z|ERROR|Failed to access resource|ce7aa1932311e8f2355c82e52adeba7797e887d191ac3327b79ba1226bf76759|a6740543a83579f3b7d52bbd69db93cbcf58588d1d509a0d5083302ec04ddb7b
user5|2026-02-12T19:52:55Z|WARNING|Configuration change detected|a6740543a83579f3b7d52bbd69db93cbcf58588d1d509a0d5083302ec04ddb7b|0e6f592044fe1432854ad3067f207ff005f47fc31fa01642ff3310c026a17fc4
user10|2026-02-12T19:52:57Z|ERROR|System crash detected|0e6f592044fe1432854ad3067f207ff005f47fc31fa01642ff3310c026a17fc4|70afb40e49480ed00c150a880d8883e7e1821de834562272abf8caeaf0ad3eca
user9|2026-02-12T19:52:58Z|ERROR|Failed to access resource|70afb40e49480ed00c150a880d8883e7e1821de834562272abf8caeaf0ad3eca|d6ae470beeaa8f32ce43ba4ae825ceed9cf9b4c682e0037eb5772767971cecaf
user4|2026-02-12T19:52:59Z|SUCCESS|User account deleted|d6ae470beeaa8f32ce43ba4ae825ceed9cf9b4c682e0037eb5772767971cecaf|4fad57864d4432f5bd4f8ce207092b5f24301d72562de0d85cd72c04e06f13c2
user8|2026-02-12T19:53:01Z|ERROR|Failed to access resource|4fad57864d4432f5bd4f8ce207092b5f24301d72562de0d85cd72c04e06f13c2|375afff5c0687d9b2a6eb32c754ebe98cd688221bf8e3f1b5c4a17fecbc68685
user2|2026-02-12T19:53:02Z|WARNING|CPU temperature high|375afff5c0687d9b2a6eb32c754ebe98cd688221bf8e3f1b5c4a17fecbc68685|1d4ab8a740b82340ceaacead974916e6caee30975827c6678dad3c22ce0c29cb
user1|2026-02-12T20:15:24Z|WARNING|Disk space low|1d4ab8a740b82340ceaacead974916e6caee30975827c6678dad3c22ce0c29cb|75c58fa07794b6e8496364d9fc1f41dd41a8f993fca4e792dd5796e44059193a
user4|2026-02-12T20:15:25Z|ERROR|System crash detected|75c58fa07794b6e8496364d9fc1f41dd41a8f993fca4e792dd5796e44059193a|b73854fcb5aaae16b76d25eeafb820834a762ea805295de2ca42055c6421874a
user8|2026-02-12T20:15:25Z|ERROR|System crash detected|b73854fcb5aaae16b76d25eeafb820834a762ea805295de2ca42055c6421874a|32f716384298e3c68b2826bb8a81ccacf376e5ad2c9dc30690867ccf1d2ed00a
user9|2026-02-12T20:15:27Z|WARNING|Failed login attempt|32f716384298e3c68b2826bb8a81ccacf376e5ad2c9dc30690867ccf1d2ed00a|dd1475e25323174a109cbe15814bf3399d75c774499f438e0bc38adca8463143
user10|2026-02-12T20:15:28Z|SUCCESS|User account created|dd1475e25323174a109cbe15814bf3399d75c774499f438e0bc38adca8463143|e6da6854317e81eb3623c46021d795613bc5baa651c43335c9f38fbfde010b6d
user10|2026-02-12T20:15:30Z|ERROR|Database connection failed|e6da6854317e81eb3623c46021d795613bc5baa651c43335c9f38fbfde010b6d|7820fd841931cfc475d8949290f2c6f03ee771756cb91189f5b55e7f53993ca7
user5|2026-02-12T20:15:30Z|SUCCESS|User account created|7820fd841931cfc475d8949290f2c6f03ee771756cb91189f5b55e7f53993ca7|8dae2cf89901fadb4547fefb709957a59ab2d85ebdf9003bd0cf15efb6653388
user8|2026-02-12T20:15:31Z|ERROR|Authorization denied|8dae2cf89901fadb4547fefb709957a59ab2d85ebdf9003bd0cf15efb6653388|f33915315daacf64b99bec13cb7228c7cfc3e3391e33c3580119ceec905f7461
user5|2026-02-12T20:15:33Z|INFO|User logged out|f33915315daacf64b99bec13cb7228c7cfc3e3391e33c3580119ceec905f7461|219a3772794c8cfdf81113e23f5a5c6f72fdc594395ebbb9493a2306f03c6c17
admin|2026-02-12T20:15:34Z|ERROR|Failed to access resource|219a3772794c8cfdf81113e23f5a5c6f72fdc594395ebbb9493a2306f03c6c17|14e1f90a44a433a39db2853792e6352afef462740ae7c216e5b387007e132aa5
