user2|2026-02-12T19:48:40Z|SUCCESS|Data migration completed|0000000000000000000000000000000000000000000000000000000000000000|61ae61f5d40bff50bfad56a90665531ffac9780a585e13a084e1779ea6c2da5d
user10|2026-02-12T19:48:42Z|INFO|Service started|61ae61f5d40bff50bfad56a90665531ffac9780a585e13a084e1779ea6c2da5d|98195d1bf43927e96cc3ad0f75e2b0c73e3f6de83026329e3845fa54cd629529
user4|2026-02-12T19:48:44Z|WARNING|High memory usage|98195d1bf43927e96cc3ad0f75e2b0c73e3f6de83026329e3845fa54cd629529|4f705c5e389ad5d128b9791312340310c0b15fc2425124ffb8d8eac75789cad6
user5|2026-02-12T19:48:44Z|WARNING|Disk space low|4f705c5e389ad5d128b9791312340310c0b15fc2425124ffb8d8eac75789cad6|c10ef8a57e437168abd51092b3db811574df9c13aabffdcb8bd469d54f356278
user6|2026-02-12T19:48:46Z|WARNING|Disk space low|c10ef8a57e437168abd51092b3db811574df9c13aabffdcb8bd469d54f356278|e0762fb9c6a51fae03e6d27c035cf76f6c034a75583f4fd000266a0875473998
user9|2026-02-12T19:48:47Z|SUCCESS|Backup completed successfully|e0762fb9c6a51fae03e6d27c035cf76f6c034a75583f4fd000266a0875473998|6621208700899d06051e670561e676ffb6d72e9658f35e490cd6e66579488a12
user6|2026-02-12T19:48:48Z|SUCCESS|User account created|6621208700899d06051e670561e676ffb6d72e9658f35e490cd6e66579488a12|4949fc85fe659d70f4d4cabfb86851c014175a974953365ea85d082996295ce8
user6|2026-02-12T19:48:48Z|ERROR|Authentication failed|4949fc85fe659d70f4d4cabfb86851c014175a974953365ea85d082996295ce8|1dc3eb619b6848f422f3b2fbd1515e55f9e5eed0fe8ae2bc51f5a0c1bce5503f
user1|2026-02-12T19:48:49Z|INFO|Service stopped|1dc3eb619b6848f422f3b2fbd1515e55f9e5eed0fe8ae2bc51f5a0c1bce5503f|17f17c3296d18c7651cd9016ed4c88a188163a062d9d06007b569d379387a803
user7|2026-02-12T19:48:51Z|INFO|Service stopped|17f17c3296d18c7651cd9016ed4c88a188163a062d9d06007b569d379387a803|b5c79f92e3d11fbc7872b495943bdfdce8437310cbbb430a26ff8e95be23717c
user10|2026-02-12T19:52:50Z|WARNING|Disk space low|b5c79f92e3d11fbc7872b495943bdfdce8437310cbbb430a26ff8e95be23717c|a6aef737729ec703b4fddaf5fde7187be66f7dbb11a277e9b2e376d4e0be4703
user3|2026-02-12T19:52:52Z|SUCCESS|User account deleted|a6aef737729ec703b4fddaf5fde7187be66f7dbb11a277e9b2e376d4e0be4703|61df44eeb4f283a71df2c26ecb971c721944926796eb8d9a87baa791e523af94
user2|2026-02-12T19:52:53Z|ERROR|Authentication failed|61df44eeb4f283a71df2c26ecb971c721944926796eb8d9a87baa791e523af94|ce7aa1932311e8f2355c82e52adeba7797e887d191ac3327b79ba1226bf76759
user4|2026-02-12T19:52:54Z|ERROR|Failed to access resource|ce7aa1932311e8f2355c82e52adeba7797e887d191ac3327b79ba1226bf76759|a6740543a83579f3b7d52bbd69db93cbcf58588d1d509a0d5083302ec04ddb7b
user5|2026-02-12T19:52:55Z|WARNING|Configuration change detected|a6740543a83579f3b7d52bbd69db93cbcf58588d1d509a0d5083302ec04ddb7b|0e6f592044fe1432854ad3067f207ff005f47fc31fa01642ff3310c026a17fc4
user10|2026-02-12T19:52:57Z|ERROR|System crash detected|0e6f592044fe1432854ad3067f207ff005f47fc31fa01642ff3310c026a17fc4|70afb40e49480ed00c150a880d8883e7e1821de834562272abf8caeaf0ad3eca
user9|2026-02-12T19:52:58Z|ERROR|Failed to access resource|70afb40e49480ed00c150a880d8883e7e1821de834562272abf8caeaf0ad3eca|d6ae470beeaa8f32ce43ba4ae825ceed9cf9b4c682e0037eb5772767971cecaf
user4|2026-02-12T19:52:59Z|SUCCESS|User account deleted|d6ae470beeaa8f32ce43ba4ae825ceed9cf9b4c682e0037eb5772767971cecaf|4fad57864d4432f5bd4f8ce207092b5f24301d72562de0d85cd72c04e06f13c2
user8|2026-02-12T19:53:01Z|ERROR|Failed to access resource|4fad57864d4432f5bd4f8ce207092b5f24301d72562de0d85cd72c04e06f13c2|375afff5c0687d9b2a6eb32c754ebe98cd688221bf8e3f1b5c4a17fecbc68685
user2|2026-02-12T19:53:02Z|WARNING|CPU temperature high|375afff5c0687d9b2a6eb32c754ebe98cd688221bf8e3f1b5c4a17fecbc68685|1d4ab8a740b82340ceaacead974916e6caee30975827c6678dad3c22ce0c29cb
user1|2026-02-12T20:15:24Z|WARNING|Disk space low|1d4ab8a740b82340ceaacead974916e6caee30975827c6678dad3c22ce0c29cb|75c58fa07794b6e8496364d9fc1f41dd41a8f993fca4e792dd5796e44059193a
user4|2026-02-12T20:15:25Z|ERROR|System crash detected|75c58fa07794b6e8496364d9fc1f41dd41a8f993fca4e792dd5796e44059193a|b73854fcb5aaae16b76d25eeafb820834a762ea805295de2ca42055c6421874a
user8|2026-02-12T20:15:25Z|ERROR|System crash detected|b73854fcb5aaae16b76d25eeafb820834a762ea805295de2ca42055c6421874a|32f716384298e3c68b2826bb8a81ccacf376e5ad2c9dc30690867ccf1d2ed00a
user9|2026-02-12T20:15:27Z|WARNING|Failed login attempt|32f716384298e3c68b2826bb8a81ccacf376e5ad2c9dc30690867ccf1d2ed00a|dd1475e25323174a109cbe15814bf3399d75c774499f438e0bc38adca8463143
user10|2026-02-12T20:15:28Z|SUCCESS|User account created|dd1475e25323174a109cbe15814bf3399d75c774499f438e0bc38adca8463143|e6da6854317e81eb3623c46021d795613bc5baa651c43335c9f38fbfde010b6d
user10|2026-02-12T20:15:30Z|ERROR|Database connection failed|e6da6854317e81eb3623c46021d795613bc5baa651c43335c9f38fbfde010b6d|7820fd841931cfc475d8949290f2c6f03ee771756cb91189f5b55e7f53993ca7
user5|2026-02-12T20:15:30Z|SUCCESS|User account created|7820fd841931cfc475d8949290f2c6f03ee771756cb91189f5b55e7f53993ca7|8dae2cf89901fadb4547fefb709957a59ab2d85ebdf9003bd0cf15efb6653388
user8|2026-02-12T20:15:31Z|ERROR|Authorization denied|8dae2cf89901fadb4547fefb709957a59ab2d85ebdf9003bd0cf15efb6653388|f33915315daacf64b99bec13cb7228c7cfc3e3391e33c3580119ceec905f7461
user5|2026-02-12T20:15:33Z|INFO|User logged out|f33915315daacf64b99bec13cb7228c7cfc3e3391e33c3580119ceec905f7461|219a3772794c8cfdf81113e23f5a5c6f72fdc594395ebbb9493a2306f03c6c17
admin|2026-02-12T20:15:34Z|ERROR|Failed to access resource|219a3772794c8cfdf81113e23f5a5c6f72fdc594395ebbb9493a2306f03c6c17|14e1f90a44a433a39db2853792e6352afef462740ae7c216e5b387007e132aa5
user6|2026-02-19T22:11:48Z|INFO|Scheduled task executed|14e1f90a44a433a39db2853792e6352afef462740ae7c216e5b387007e132aa5|a015adf63ce9f3e127530b5a6736eddaed7654d3d8a4648e82d5dd943229edcf
user2|2026-02-19T22:11:49Z|INFO|User logged out|a015adf63ce9f3e127530b5a6736eddaed7654d3d8a4648e82d5dd943229edcf|dc70882d26b36cdd6735348d99ce065fa2cbeaaadeb5c4556aff53fcae4f65f8
user2|2026-02-19T22:11:50Z|WARNING|High memory usage|dc70882d26b36cdd6735348d99ce065fa2cbeaaadeb5c4556aff53fcae4f65f8|c710665cfc0352b59e3456f3fcab070410abe06dd0326130134c8714b3076045
user8|2026-02-19T22:11:52Z|INFO|User logged in|c710665cfc0352b59e3456f3fcab070410abe06dd0326130134c8714b3076045|d5567bd3f217c55f35397239d3651dfe1587f63daf917073877726a4924a5013
user8|2026-02-19T22:11:54Z|ERROR|System crash detected|d5567bd3f217c55f35397239d3651dfe1587f63daf917073877726a4924a5013|baa37aa82132e5f123379bafe1e999bff60f75c63bb3b132d9cdfefa09bb3c48
user9|2026-02-19T22:11:56Z|ERROR|Authentication failed|baa37aa82132e5f123379bafe1e999bff60f75c63bb3b132d9cdfefa09bb3c48|78b593e9fbf48e2e0fd67f29041af80227f9a2200ee184bfcb3f80bd89b4966b
user10|2026-02-19T22:11:57Z|INFO|Scheduled task executed|78b593e9fbf48e2e0fd67f29041af80227f9a2200ee184bfcb3f80bd89b4966b|f4f0497db4b5727f0683b237ed33793ae9f579c3bf73551d81507f31cdb9818b
user5|2026-02-19T22:11:58Z|WARNING|Unusual login attempt|f4f0497db4b5727f0683b237ed33793ae9f579c3bf73551d81507f31cdb9818b|8154d7a95759b803d33a32a2fd779973c0ded5b0f329e612eeb4e9e20b6a3e72
user9|2026-02-19T22:12:00Z|INFO|Service started|8154d7a95759b803d33a32a2fd779973c0ded5b0f329e612eeb4e9e20b6a3e72|df8085acd0611da46cee92aa32303d068c0f6f06a4300e35f8e25c91aa6fa6ee
user2|2026-02-19T22:12:01Z|INFO|Scheduled task executed|df8085acd0611da46cee92aa32303d068c0f6f06a4300e35f8e25c91aa6fa6ee|307fb9c046a2cd7aac277081be1555402f8cc0c1b690962b11eac0a4e25639ae
user2|2026-02-26T20:03:28Z|INFO|Service stopped|307fb9c046a2cd7aac277081be1555402f8cc0c1b690962b11eac0a4e25639ae|d25fc1d056756708ca9ae643f6c18c6cb598d5fbee0afd2eaa736ab925a978ec
user5|2026-02-26T20:03:30Z|WARNING|Configuration change detected|d25fc1d056756708ca9ae643f6c18c6cb598d5fbee0afd2eaa736ab925a978ec|0083c9867c0d840ace4d7f5b8ee8be34ddd5c07a4e68c5aabf14164dcff0f01b
user7|2026-02-26T20:03:31Z|INFO|Service started|0083c9867c0d840ace4d7f5b8ee8be34ddd5c07a4e68c5aabf14164dcff0f01b|e1dc17529147068ea1116cb71722fbb3c1648dabf0617a477be997fe92e64838
user4|2026-02-26T20:03:33Z|ERROR|Failed to access resource|e1dc17529147068ea1116cb71722fbb3c1648dabf0617a477be997fe92e64838|936ed07f05401f8266c4cceb1379e3ab297b60900ccd0d5486263ab81f267d2a
user5|2026-02-26T20:03:35Z|INFO|Configuration file updated|936ed07f05401f8266c4cceb1379e3ab297b60900ccd0d5486263ab81f267d2a|a9e34619db55e22a6dc80d95bbc5d087d37254e77d80ddc464a58008460cf92d
user2|2026-02-26T20:03:36Z|WARNING|High memory usage|a9e34619db55e22a6dc80d95bbc5d087d37254e77d80ddc464a58008460cf92d|38272dc0de54b30606933d3a65fae2188d2e4b7d982035fdbffff8d91cd461e4
user1|2026-02-26T20:03:37Z|WARNING|Unusual login attempt|38272dc0de54b30606933d3a65fae2188d2e4b7d982035fdbffff8d91cd461e4|24ac563fc71ee61d51e655046ddfcf88dec74c1ef01e16ca712dec5bf0be1f99
user1|2026-02-26T20:03:37Z|SUCCESS|Data migration completed|24ac563fc71ee61d51e655046ddfcf88dec74c1ef01e16ca712dec5bf0be1f99|6c40ac53b6791878209f8810e9d9518e7ea15562cfba1a862935cfafe9bbdca4
admin|2026-02-26T20:03:38Z|ERROR|Database connection failed|6c40ac53b6791878209f8810e9d9518e7ea15562cfba1a862935cfafe9bbdca4|72b91739d16fbdf6ddfaee5a1a505126571f7e0087079d63938c2483d83651b0
admin|2026-02-26T20:03:40Z|INFO|User logged in|72b91739d16fbdf6ddfaee5a1a505126571f7e0087079d63938c2483d83651b0|a93e800af7760ca5c42d854ccec688370dc677ab2552faf03fa31940fb89b0f8
